<?xml version="1.0" encoding="UTF-8"?>
<!-- Generated by org.testng.reporters.JUnitReportReporter -->
<testsuite hostname="L5CG535081R" failures="0" tests="2" name="com.qa.crm.tests.LoginPageTest" time="29.185" errors="0" timestamp="21 Aug 2018 20:04:17 GMT">
  <testcase classname="com.qa.crm.tests.LoginPageTest" name="titleAfterLoginTest" time="19.141"/>
  <testcase classname="com.qa.crm.tests.LoginPageTest" name="LoginTitleTest" time="10.044"/>
</testsuite> <!-- com.qa.crm.tests.LoginPageTest -->
