<?xml version="1.0" encoding="UTF-8"?>
<!-- Generated by org.testng.reporters.JUnitReportReporter -->
<testsuite hostname="X1Tab" name="com.qa.crm.tests.LoginPageTest" tests="2" failures="0" timestamp="15 Aug 2018 02:59:57 GMT" time="26.001" errors="0">
  <testcase name="LoginTitleTest" time="7.469" classname="com.qa.crm.tests.LoginPageTest"/>
  <testcase name="titleAfterLoginTest" time="18.532" classname="com.qa.crm.tests.LoginPageTest"/>
</testsuite> <!-- com.qa.crm.tests.LoginPageTest -->
