<?xml version="1.0" encoding="UTF-8"?>
<!-- Generated by org.testng.reporters.JUnitReportReporter -->
<testsuite hostname="X1Tab" name="com.qa.crm.tests.LoginPageTest" tests="2" failures="0" timestamp="22 Aug 2018 22:59:15 GMT" time="28.332" errors="0">
  <testcase name="titleAfterLoginTest" time="21.596" classname="com.qa.crm.tests.LoginPageTest"/>
  <testcase name="LoginTitleTest" time="6.736" classname="com.qa.crm.tests.LoginPageTest"/>
</testsuite> <!-- com.qa.crm.tests.LoginPageTest -->
